{"/home/leonardo/GitHub/hookinbox-verify/src/github.ts": {"path":"/home/leonardo/GitHub/hookinbox-verify/src/github.ts","statementMap":{"0":{"start":{"line":20,"column":0},"end":{"line":20,"column":16}},"1":{"start":{"line":1,"column":0},"end":{"line":1,"column":36}},"2":{"start":{"line":2,"column":0},"end":{"line":2,"column":48}},"3":{"start":{"line":21,"column":38},"end":{"line":21,"column":45}},"4":{"start":{"line":23,"column":2},"end":{"line":66,"column":3}},"5":{"start":{"line":25,"column":18},"end":{"line":25,"column":64}},"6":{"start":{"line":26,"column":4},"end":{"line":31,"column":5}},"7":{"start":{"line":27,"column":6},"end":{"line":30,"column":8}},"8":{"start":{"line":33,"column":22},"end":{"line":33,"column":51}},"9":{"start":{"line":34,"column":30},"end":{"line":34,"column":38}},"10":{"start":{"line":37,"column":23},"end":{"line":37,"column":78}},"11":{"start":{"line":38,"column":30},"end":{"line":40,"column":20}},"12":{"start":{"line":43,"column":18},"end":{"line":43,"column":71}},"13":{"start":{"line":45,"column":4},"end":{"line":55,"column":5}},"14":{"start":{"line":46,"column":6},"end":{"line":54,"column":8}},"15":{"start":{"line":57,"column":4},"end":{"line":60,"column":6}},"16":{"start":{"line":62,"column":4},"end":{"line":65,"column":6}}},"fnMap":{"0":{"name":"verifyGitHub","decl":{"start":{"line":20,"column":16},"end":{"line":20,"column":28}},"loc":{"start":{"line":20,"column":57},"end":{"line":67,"column":1}}}},"branchMap":{"0":{"loc":{"start":{"line":26,"column":4},"end":{"line":31,"column":5}},"type":"if","locations":[{"start":{"line":26,"column":4},"end":{"line":31,"column":5}},{"start":{},"end":{}}]},"1":{"loc":{"start":{"line":37,"column":23},"end":{"line":37,"column":78}},"type":"cond-expr","locations":[{"start":{"line":37,"column":50},"end":{"line":37,"column":54}},{"start":{"line":37,"column":57},"end":{"line":37,"column":78}}]},"2":{"loc":{"start":{"line":45,"column":4},"end":{"line":55,"column":5}},"type":"if","locations":[{"start":{"line":45,"column":4},"end":{"line":55,"column":5}},{"start":{},"end":{}}]},"3":{"loc":{"start":{"line":64,"column":13},"end":{"line":64,"column":65}},"type":"cond-expr","locations":[{"start":{"line":64,"column":36},"end":{"line":64,"column":47}},{"start":{"line":64,"column":50},"end":{"line":64,"column":65}}]}},"s":{"0":1,"1":1,"2":1,"3":10,"4":10,"5":10,"6":10,"7":3,"8":7,"9":7,"10":7,"11":7,"12":7,"13":7,"14":2,"15":5,"16":0},"f":{"0":10},"b":{"0":[3,7],"1":[6,1],"2":[2,5],"3":[0,0]}}
,"/home/leonardo/GitHub/hookinbox-verify/src/shopify.ts": {"path":"/home/leonardo/GitHub/hookinbox-verify/src/shopify.ts","statementMap":{"0":{"start":{"line":19,"column":0},"end":{"line":19,"column":16}},"1":{"start":{"line":1,"column":0},"end":{"line":1,"column":36}},"2":{"start":{"line":2,"column":0},"end":{"line":2,"column":48}},"3":{"start":{"line":20,"column":38},"end":{"line":20,"column":45}},"4":{"start":{"line":22,"column":2},"end":{"line":51,"column":3}},"5":{"start":{"line":23,"column":23},"end":{"line":23,"column":78}},"6":{"start":{"line":26,"column":30},"end":{"line":28,"column":23}},"7":{"start":{"line":30,"column":18},"end":{"line":30,"column":63}},"8":{"start":{"line":32,"column":4},"end":{"line":41,"column":5}},"9":{"start":{"line":33,"column":6},"end":{"line":40,"column":8}},"10":{"start":{"line":43,"column":4},"end":{"line":45,"column":6}},"11":{"start":{"line":47,"column":4},"end":{"line":50,"column":6}}},"fnMap":{"0":{"name":"verifyShopify","decl":{"start":{"line":19,"column":16},"end":{"line":19,"column":29}},"loc":{"start":{"line":19,"column":59},"end":{"line":52,"column":1}}}},"branchMap":{"0":{"loc":{"start":{"line":23,"column":23},"end":{"line":23,"column":78}},"type":"cond-expr","locations":[{"start":{"line":23,"column":50},"end":{"line":23,"column":54}},{"start":{"line":23,"column":57},"end":{"line":23,"column":78}}]},"1":{"loc":{"start":{"line":32,"column":4},"end":{"line":41,"column":5}},"type":"if","locations":[{"start":{"line":32,"column":4},"end":{"line":41,"column":5}},{"start":{},"end":{}}]},"2":{"loc":{"start":{"line":49,"column":13},"end":{"line":49,"column":65}},"type":"cond-expr","locations":[{"start":{"line":49,"column":36},"end":{"line":49,"column":47}},{"start":{"line":49,"column":50},"end":{"line":49,"column":65}}]}},"s":{"0":1,"1":1,"2":1,"3":6,"4":6,"5":6,"6":6,"7":6,"8":6,"9":2,"10":4,"11":0},"f":{"0":6},"b":{"0":[5,1],"1":[2,4],"2":[0,0]}}
,"/home/leonardo/GitHub/hookinbox-verify/src/stripe.ts": {"path":"/home/leonardo/GitHub/hookinbox-verify/src/stripe.ts","statementMap":{"0":{"start":{"line":22,"column":0},"end":{"line":22,"column":16}},"1":{"start":{"line":1,"column":0},"end":{"line":1,"column":36}},"2":{"start":{"line":2,"column":0},"end":{"line":2,"column":48}},"3":{"start":{"line":23,"column":55},"end":{"line":23,"column":62}},"4":{"start":{"line":25,"column":2},"end":{"line":93,"column":3}},"5":{"start":{"line":27,"column":18},"end":{"line":27,"column":38}},"6":{"start":{"line":28,"column":35},"end":{"line":28,"column":39}},"7":{"start":{"line":29,"column":43},"end":{"line":29,"column":47}},"8":{"start":{"line":31,"column":4},"end":{"line":38,"column":5}},"9":{"start":{"line":32,"column":27},"end":{"line":32,"column":42}},"10":{"start":{"line":33,"column":6},"end":{"line":37,"column":7}},"11":{"start":{"line":34,"column":8},"end":{"line":34,"column":40}},"12":{"start":{"line":35,"column":13},"end":{"line":37,"column":7}},"13":{"start":{"line":36,"column":8},"end":{"line":36,"column":34}},"14":{"start":{"line":40,"column":4},"end":{"line":45,"column":5}},"15":{"start":{"line":41,"column":6},"end":{"line":44,"column":8}},"16":{"start":{"line":48,"column":16},"end":{"line":48,"column":45}},"17":{"start":{"line":49,"column":16},"end":{"line":49,"column":31}},"18":{"start":{"line":51,"column":4},"end":{"line":60,"column":5}},"19":{"start":{"line":52,"column":6},"end":{"line":59,"column":8}},"20":{"start":{"line":63,"column":23},"end":{"line":63,"column":78}},"21":{"start":{"line":64,"column":26},"end":{"line":64,"column":54}},"22":{"start":{"line":65,"column":30},"end":{"line":67,"column":20}},"23":{"start":{"line":70,"column":18},"end":{"line":70,"column":71}},"24":{"start":{"line":72,"column":4},"end":{"line":82,"column":5}},"25":{"start":{"line":73,"column":6},"end":{"line":81,"column":8}},"26":{"start":{"line":84,"column":4},"end":{"line":87,"column":6}},"27":{"start":{"line":89,"column":4},"end":{"line":92,"column":6}}},"fnMap":{"0":{"name":"verifyStripe","decl":{"start":{"line":22,"column":16},"end":{"line":22,"column":28}},"loc":{"start":{"line":22,"column":57},"end":{"line":94,"column":1}}}},"branchMap":{"0":{"loc":{"start":{"line":23,"column":35},"end":{"line":23,"column":50}},"type":"default-arg","locations":[{"start":{"line":23,"column":47},"end":{"line":23,"column":50}}]},"1":{"loc":{"start":{"line":33,"column":6},"end":{"line":37,"column":7}},"type":"if","locations":[{"start":{"line":33,"column":6},"end":{"line":37,"column":7}},{"start":{"line":35,"column":13},"end":{"line":37,"column":7}}]},"2":{"loc":{"start":{"line":35,"column":13},"end":{"line":37,"column":7}},"type":"if","locations":[{"start":{"line":35,"column":13},"end":{"line":37,"column":7}},{"start":{},"end":{}}]},"3":{"loc":{"start":{"line":40,"column":4},"end":{"line":45,"column":5}},"type":"if","locations":[{"start":{"line":40,"column":4},"end":{"line":45,"column":5}},{"start":{},"end":{}}]},"4":{"loc":{"start":{"line":40,"column":8},"end":{"line":40,"column":40}},"type":"binary-expr","locations":[{"start":{"line":40,"column":8},"end":{"line":40,"column":18}},{"start":{"line":40,"column":22},"end":{"line":40,"column":40}}]},"5":{"loc":{"start":{"line":51,"column":4},"end":{"line":60,"column":5}},"type":"if","locations":[{"start":{"line":51,"column":4},"end":{"line":60,"column":5}},{"start":{},"end":{}}]},"6":{"loc":{"start":{"line":63,"column":23},"end":{"line":63,"column":78}},"type":"cond-expr","locations":[{"start":{"line":63,"column":50},"end":{"line":63,"column":54}},{"start":{"line":63,"column":57},"end":{"line":63,"column":78}}]},"7":{"loc":{"start":{"line":72,"column":4},"end":{"line":82,"column":5}},"type":"if","locations":[{"start":{"line":72,"column":4},"end":{"line":82,"column":5}},{"start":{},"end":{}}]},"8":{"loc":{"start":{"line":91,"column":13},"end":{"line":91,"column":65}},"type":"cond-expr","locations":[{"start":{"line":91,"column":36},"end":{"line":91,"column":47}},{"start":{"line":91,"column":50},"end":{"line":91,"column":65}}]}},"s":{"0":1,"1":1,"2":1,"3":12,"4":12,"5":12,"6":12,"7":12,"8":12,"9":21,"10":21,"11":10,"12":11,"13":10,"14":12,"15":3,"16":9,"17":9,"18":9,"19":2,"20":7,"21":7,"22":7,"23":7,"24":7,"25":2,"26":5,"27":0},"f":{"0":12},"b":{"0":[10],"1":[10,11],"2":[10,1],"3":[3,9],"4":[12,10],"5":[2,7],"6":[6,1],"7":[2,5],"8":[0,0]}}
,"/home/leonardo/GitHub/hookinbox-verify/src/timing-safe.ts": {"path":"/home/leonardo/GitHub/hookinbox-verify/src/timing-safe.ts","statementMap":{"0":{"start":{"line":4,"column":0},"end":{"line":4,"column":16}},"1":{"start":{"line":5,"column":2},"end":{"line":7,"column":3}},"2":{"start":{"line":6,"column":4},"end":{"line":6,"column":17}},"3":{"start":{"line":9,"column":15},"end":{"line":9,"column":16}},"4":{"start":{"line":10,"column":2},"end":{"line":12,"column":3}},"5":{"start":{"line":10,"column":15},"end":{"line":10,"column":16}},"6":{"start":{"line":11,"column":4},"end":{"line":11,"column":48}},"7":{"start":{"line":14,"column":2},"end":{"line":14,"column":22}}},"fnMap":{"0":{"name":"timingSafeEqual","decl":{"start":{"line":4,"column":16},"end":{"line":4,"column":31}},"loc":{"start":{"line":4,"column":52},"end":{"line":15,"column":1}}}},"branchMap":{"0":{"loc":{"start":{"line":5,"column":2},"end":{"line":7,"column":3}},"type":"if","locations":[{"start":{"line":5,"column":2},"end":{"line":7,"column":3}},{"start":{},"end":{}}]}},"s":{"0":4,"1":30,"2":3,"3":27,"4":27,"5":27,"6":1166,"7":27},"f":{"0":30},"b":{"0":[3,27]}}
}
