TN:
SF:src/github.ts
FN:20,verifyGitHub
FNF:1
FNH:1
FNDA:10,verifyGitHub
DA:1,1
DA:2,1
DA:20,1
DA:21,10
DA:23,10
DA:25,10
DA:26,10
DA:27,3
DA:33,7
DA:34,7
DA:37,7
DA:38,7
DA:43,7
DA:45,7
DA:46,2
DA:57,5
DA:62,0
LF:17
LH:16
BRDA:26,0,0,3
BRDA:26,0,1,7
BRDA:37,1,0,6
BRDA:37,1,1,1
BRDA:45,2,0,2
BRDA:45,2,1,5
BRDA:64,3,0,0
BRDA:64,3,1,0
BRF:8
BRH:6
end_of_record
TN:
SF:src/shopify.ts
FN:19,verifyShopify
FNF:1
FNH:1
FNDA:6,verifyShopify
DA:1,1
DA:2,1
DA:19,1
DA:20,6
DA:22,6
DA:23,6
DA:26,6
DA:30,6
DA:32,6
DA:33,2
DA:43,4
DA:47,0
LF:12
LH:11
BRDA:23,0,0,5
BRDA:23,0,1,1
BRDA:32,1,0,2
BRDA:32,1,1,4
BRDA:49,2,0,0
BRDA:49,2,1,0
BRF:6
BRH:4
end_of_record
TN:
SF:src/stripe.ts
FN:22,verifyStripe
FNF:1
FNH:1
FNDA:12,verifyStripe
DA:1,1
DA:2,1
DA:22,1
DA:23,12
DA:25,12
DA:27,12
DA:28,12
DA:29,12
DA:31,12
DA:32,21
DA:33,21
DA:34,10
DA:35,11
DA:36,10
DA:40,12
DA:41,3
DA:48,9
DA:49,9
DA:51,9
DA:52,2
DA:63,7
DA:64,7
DA:65,7
DA:70,7
DA:72,7
DA:73,2
DA:84,5
DA:89,0
LF:28
LH:27
BRDA:23,0,0,10
BRDA:33,1,0,10
BRDA:33,1,1,11
BRDA:35,2,0,10
BRDA:35,2,1,1
BRDA:40,3,0,3
BRDA:40,3,1,9
BRDA:40,4,0,12
BRDA:40,4,1,10
BRDA:51,5,0,2
BRDA:51,5,1,7
BRDA:63,6,0,6
BRDA:63,6,1,1
BRDA:72,7,0,2
BRDA:72,7,1,5
BRDA:91,8,0,0
BRDA:91,8,1,0
BRF:17
BRH:15
end_of_record
TN:
SF:src/timing-safe.ts
FN:4,timingSafeEqual
FNF:1
FNH:1
FNDA:30,timingSafeEqual
DA:4,4
DA:5,30
DA:6,3
DA:9,27
DA:10,27
DA:11,1166
DA:14,27
LF:7
LH:7
BRDA:5,0,0,3
BRDA:5,0,1,27
BRF:2
BRH:2
end_of_record
